<?xml version="1.0" encoding="UTF-8"?>
<coverage generated="1584245305266" clover="3.2.0">
  <project timestamp="1584245305266" name="All files">
    <metrics statements="122" coveredstatements="78" conditionals="82" coveredconditionals="62" methods="37" coveredmethods="26" elements="241" coveredelements="166" complexity="0" loc="122" ncloc="122" packages="1" files="8" classes="8"/>
    <file name="bag.ts" path="/Users/kuzmycz/Documents/Software/Research/react/react-cache/src/bag.ts">
      <metrics statements="26" coveredstatements="26" conditionals="16" coveredconditionals="16" methods="6" coveredmethods="6"/>
      <line num="1" count="2" type="stmt"/>
      <line num="4" count="34" type="cond" truecount="2" falsecount="0"/>
      <line num="5" count="33" type="stmt"/>
      <line num="8" count="2" type="stmt"/>
      <line num="9" count="16" type="stmt"/>
      <line num="23" count="66" type="cond" truecount="2" falsecount="0"/>
      <line num="25" count="45" type="stmt"/>
      <line num="27" count="45" type="cond" truecount="2" falsecount="0"/>
      <line num="28" count="19" type="stmt"/>
      <line num="30" count="26" type="stmt"/>
      <line num="32" count="26" type="stmt"/>
      <line num="33" count="38" type="stmt"/>
      <line num="35" count="38" type="cond" truecount="2" falsecount="0"/>
      <line num="36" count="12" type="cond" truecount="2" falsecount="0"/>
      <line num="37" count="10" type="stmt"/>
      <line num="39" count="2" type="cond" truecount="2" falsecount="0"/>
      <line num="43" count="36" type="stmt"/>
      <line num="44" count="36" type="stmt"/>
      <line num="47" count="24" type="stmt"/>
      <line num="51" count="33" type="cond" truecount="2" falsecount="0"/>
      <line num="52" count="21" type="stmt"/>
      <line num="54" count="21" type="stmt"/>
      <line num="57" count="33" type="cond" truecount="2" falsecount="0"/>
      <line num="58" count="8" type="stmt"/>
      <line num="60" count="8" type="stmt"/>
      <line num="62" count="2" type="stmt"/>
    </file>
    <file name="cache-bag.ts" path="/Users/kuzmycz/Documents/Software/Research/react/react-cache/src/cache-bag.ts">
      <metrics statements="44" coveredstatements="44" conditionals="52" coveredconditionals="42" methods="18" coveredmethods="18"/>
      <line num="2" count="1" type="stmt"/>
      <line num="11" count="1" type="stmt"/>
      <line num="15" count="17" type="cond" truecount="2" falsecount="2"/>
      <line num="16" count="17" type="cond" truecount="2" falsecount="0"/>
      <line num="18" count="17" type="stmt"/>
      <line num="19" count="17" type="stmt"/>
      <line num="22" count="17" type="cond" truecount="1" falsecount="1"/>
      <line num="23" count="16" type="stmt"/>
      <line num="25" count="16" type="cond" truecount="2" falsecount="0"/>
      <line num="26" count="15" type="stmt"/>
      <line num="28" count="15" type="stmt"/>
      <line num="32" count="17" type="cond" truecount="1" falsecount="1"/>
      <line num="33" count="6" type="cond" truecount="2" falsecount="0"/>
      <line num="35" count="6" type="cond" truecount="1" falsecount="1"/>
      <line num="36" count="6" type="stmt"/>
      <line num="40" count="17" type="cond" truecount="1" falsecount="1"/>
      <line num="41" count="4" type="stmt"/>
      <line num="43" count="4" type="cond" truecount="4" falsecount="0"/>
      <line num="44" count="3" type="stmt"/>
      <line num="48" count="17" type="cond" truecount="1" falsecount="1"/>
      <line num="49" count="2" type="cond" truecount="2" falsecount="0"/>
      <line num="51" count="2" type="cond" truecount="2" falsecount="0"/>
      <line num="52" count="2" type="stmt"/>
      <line num="56" count="17" type="cond" truecount="1" falsecount="1"/>
      <line num="57" count="1" type="stmt"/>
      <line num="59" count="1" type="cond" truecount="1" falsecount="1"/>
      <line num="62" count="17" type="cond" truecount="1" falsecount="1"/>
      <line num="63" count="15" type="cond" truecount="2" falsecount="0"/>
      <line num="66" count="15" type="stmt"/>
      <line num="67" count="5" type="cond" truecount="2" falsecount="0"/>
      <line num="71" count="15" type="stmt"/>
      <line num="72" count="11" type="cond" truecount="4" falsecount="0"/>
      <line num="73" count="10" type="cond" truecount="2" falsecount="0"/>
      <line num="78" count="17" type="stmt"/>
      <line num="81" count="1" type="stmt"/>
      <line num="82" count="1" type="stmt"/>
      <line num="83" count="1" type="stmt"/>
      <line num="85" count="1" type="stmt"/>
      <line num="86" count="1" type="stmt"/>
      <line num="91" count="1" type="stmt"/>
      <line num="92" count="2" type="cond" truecount="4" falsecount="0"/>
      <line num="96" count="28" type="cond" truecount="4" falsecount="0"/>
      <line num="97" count="17" type="stmt"/>
      <line num="99" count="1" type="stmt"/>
    </file>
    <file name="cache-context.tsx" path="/Users/kuzmycz/Documents/Software/Research/react/react-cache/src/cache-context.tsx">
      <metrics statements="7" coveredstatements="0" conditionals="0" coveredconditionals="0" methods="1" coveredmethods="0"/>
      <line num="1" count="0" type="stmt"/>
      <line num="2" count="0" type="stmt"/>
      <line num="4" count="0" type="stmt"/>
      <line num="7" count="0" type="stmt"/>
      <line num="8" count="0" type="stmt"/>
      <line num="9" count="0" type="stmt"/>
      <line num="11" count="0" type="stmt"/>
    </file>
    <file name="cache.tsx" path="/Users/kuzmycz/Documents/Software/Research/react/react-cache/src/cache.tsx">
      <metrics statements="6" coveredstatements="0" conditionals="2" coveredconditionals="0" methods="1" coveredmethods="0"/>
      <line num="1" count="0" type="stmt"/>
      <line num="2" count="0" type="stmt"/>
      <line num="3" count="0" type="stmt"/>
      <line num="14" count="0" type="cond" truecount="0" falsecount="2"/>
      <line num="15" count="0" type="stmt"/>
      <line num="17" count="0" type="stmt"/>
    </file>
    <file name="index.tsx" path="/Users/kuzmycz/Documents/Software/Research/react/react-cache/src/index.tsx">
      <metrics statements="5" coveredstatements="0" conditionals="0" coveredconditionals="0" methods="0" coveredmethods="0"/>
      <line num="2" count="0" type="stmt"/>
      <line num="3" count="0" type="stmt"/>
      <line num="4" count="0" type="stmt"/>
      <line num="5" count="0" type="stmt"/>
      <line num="6" count="0" type="stmt"/>
    </file>
    <file name="log-cache.tsx" path="/Users/kuzmycz/Documents/Software/Research/react/react-cache/src/log-cache.tsx">
      <metrics statements="15" coveredstatements="0" conditionals="4" coveredconditionals="0" methods="4" coveredmethods="0"/>
      <line num="1" count="0" type="stmt"/>
      <line num="2" count="0" type="stmt"/>
      <line num="3" count="0" type="stmt"/>
      <line num="10" count="0" type="cond" truecount="0" falsecount="2"/>
      <line num="11" count="0" type="stmt"/>
      <line num="12" count="0" type="stmt"/>
      <line num="13" count="0" type="stmt"/>
      <line num="14" count="0" type="stmt"/>
      <line num="17" count="0" type="stmt"/>
      <line num="19" count="0" type="stmt"/>
      <line num="20" count="0" type="stmt"/>
      <line num="22" count="0" type="stmt"/>
      <line num="25" count="0" type="cond" truecount="0" falsecount="2"/>
      <line num="26" count="0" type="stmt"/>
      <line num="28" count="0" type="stmt"/>
    </file>
    <file name="use-cache-value.tsx" path="/Users/kuzmycz/Documents/Software/Research/react/react-cache/src/use-cache-value.tsx">
      <metrics statements="11" coveredstatements="0" conditionals="4" coveredconditionals="0" methods="5" coveredmethods="0"/>
      <line num="1" count="0" type="stmt"/>
      <line num="2" count="0" type="stmt"/>
      <line num="4" count="0" type="stmt"/>
      <line num="5" count="0" type="stmt"/>
      <line num="6" count="0" type="cond" truecount="0" falsecount="2"/>
      <line num="7" count="0" type="cond" truecount="0" falsecount="2"/>
      <line num="8" count="0" type="stmt"/>
      <line num="10" count="0" type="stmt"/>
      <line num="11" count="0" type="stmt"/>
      <line num="13" count="0" type="stmt"/>
      <line num="16" count="0" type="stmt"/>
    </file>
    <file name="util.ts" path="/Users/kuzmycz/Documents/Software/Research/react/react-cache/src/util.ts">
      <metrics statements="8" coveredstatements="8" conditionals="4" coveredconditionals="4" methods="2" coveredmethods="2"/>
      <line num="2" count="3" type="stmt"/>
      <line num="3" count="83" type="cond" truecount="2" falsecount="0"/>
      <line num="4" count="2" type="stmt"/>
      <line num="5" count="81" type="cond" truecount="2" falsecount="0"/>
      <line num="6" count="23" type="stmt"/>
      <line num="7" count="67" type="stmt"/>
      <line num="8" count="23" type="stmt"/>
      <line num="10" count="58" type="stmt"/>
    </file>
  </project>
</coverage>
