{"/Users/kuzmycz/Documents/Software/Research/react/react-cache/src/bag.ts": {"path":"/Users/kuzmycz/Documents/Software/Research/react/react-cache/src/bag.ts","statementMap":{"0":{"start":{"line":1,"column":0},"end":{"line":1,"column":13}},"1":{"start":{"line":4,"column":2},"end":{"line":4,"column":14}},"2":{"start":{"line":4,"column":14},"end":{"line":4,"column":null}},"3":{"start":{"line":23,"column":12},"end":{"line":49,"column":4}},"4":{"start":{"line":23,"column":36},"end":{"line":23,"column":null}},"5":{"start":{"line":25,"column":17},"end":{"line":25,"column":31}},"6":{"start":{"line":27,"column":4},"end":{"line":48,"column":null}},"7":{"start":{"line":28,"column":6},"end":{"line":28,"column":37}},"8":{"start":{"line":30,"column":17},"end":{"line":30,"column":29}},"9":{"start":{"line":32,"column":6},"end":{"line":45,"column":null}},"10":{"start":{"line":33,"column":22},"end":{"line":33,"column":35}},"11":{"start":{"line":35,"column":8},"end":{"line":41,"column":null}},"12":{"start":{"line":36,"column":10},"end":{"line":40,"column":null}},"13":{"start":{"line":37,"column":12},"end":{"line":37,"column":41}},"14":{"start":{"line":39,"column":12},"end":{"line":39,"column":42}},"15":{"start":{"line":43,"column":8},"end":{"line":43,"column":23}},"16":{"start":{"line":44,"column":8},"end":{"line":44,"column":21}},"17":{"start":{"line":47,"column":6},"end":{"line":47,"column":30}},"18":{"start":{"line":51,"column":2},"end":{"line":55,"column":4}},"19":{"start":{"line":51,"column":9},"end":{"line":51,"column":null}},"20":{"start":{"line":52,"column":10},"end":{"line":52,"column":11}},"21":{"start":{"line":52,"column":11},"end":{"line":52,"column":15}},"22":{"start":{"line":52,"column":17},"end":{"line":52,"column":47}},"23":{"start":{"line":54,"column":4},"end":{"line":54,"column":27}},"24":{"start":{"line":57,"column":2},"end":{"line":61,"column":4}},"25":{"start":{"line":57,"column":9},"end":{"line":57,"column":27}},"26":{"start":{"line":58,"column":10},"end":{"line":58,"column":11}},"27":{"start":{"line":58,"column":11},"end":{"line":58,"column":15}},"28":{"start":{"line":58,"column":17},"end":{"line":58,"column":53}},"29":{"start":{"line":60,"column":4},"end":{"line":60,"column":28}},"30":{"start":{"line":5,"column":4},"end":{"line":5,"column":26}},"31":{"start":{"line":8,"column":9},"end":{"line":10,"column":null}},"32":{"start":{"line":9,"column":4},"end":{"line":9,"column":27}},"33":{"start":{"line":62,"column":0},"end":{"line":62,"column":null}},"34":{"start":{"line":1,"column":13},"end":{"line":1,"column":16}}},"fnMap":{"0":{"name":"(anonymous_0)","decl":{"start":{"line":1,"column":0},"end":{"line":1,"column":13}},"loc":{"start":{"line":1,"column":0},"end":{"line":62,"column":null}}},"1":{"name":"Bag","decl":{"start":{"line":4,"column":2},"end":{"line":4,"column":14}},"loc":{"start":{"line":4,"column":30},"end":{"line":6,"column":3}}},"2":{"name":"(anonymous_2)","decl":{"start":{"line":23,"column":22},"end":{"line":23,"column":23}},"loc":{"start":{"line":23,"column":59},"end":{"line":49,"column":3}}},"3":{"name":"(anonymous_3)","decl":{"start":{"line":51,"column":8},"end":{"line":51,"column":9}},"loc":{"start":{"line":51,"column":25},"end":{"line":55,"column":3}}},"4":{"name":"(anonymous_4)","decl":{"start":{"line":57,"column":8},"end":{"line":57,"column":9}},"loc":{"start":{"line":57,"column":37},"end":{"line":61,"column":3}}},"5":{"name":"(anonymous_5)","decl":{"start":{"line":8,"column":2},"end":{"line":8,"column":9}},"loc":{"start":{"line":8,"column":23},"end":{"line":10,"column":3}}}},"branchMap":{"0":{"loc":{"start":{"line":4,"column":14},"end":{"line":4,"column":null}},"type":"if","locations":[{"start":{"line":4,"column":14},"end":{"line":4,"column":null}},{"start":{"line":4,"column":14},"end":{"line":4,"column":null}}]},"1":{"loc":{"start":{"line":23,"column":36},"end":{"line":23,"column":null}},"type":"if","locations":[{"start":{"line":23,"column":36},"end":{"line":23,"column":null}},{"start":{"line":23,"column":36},"end":{"line":23,"column":null}}]},"2":{"loc":{"start":{"line":27,"column":4},"end":{"line":48,"column":null}},"type":"if","locations":[{"start":{"line":27,"column":4},"end":{"line":48,"column":null}},{"start":{"line":27,"column":4},"end":{"line":48,"column":null}}]},"3":{"loc":{"start":{"line":35,"column":8},"end":{"line":41,"column":null}},"type":"if","locations":[{"start":{"line":35,"column":8},"end":{"line":41,"column":null}},{"start":{"line":35,"column":8},"end":{"line":41,"column":null}}]},"4":{"loc":{"start":{"line":36,"column":10},"end":{"line":40,"column":null}},"type":"if","locations":[{"start":{"line":36,"column":10},"end":{"line":40,"column":null}},{"start":{"line":36,"column":10},"end":{"line":40,"column":null}}]},"5":{"loc":{"start":{"line":39,"column":24},"end":{"line":39,"column":34}},"type":"binary-expr","locations":[{"start":{"line":39,"column":24},"end":{"line":39,"column":34}},{"start":{"line":39,"column":38},"end":{"line":39,"column":40}}]},"6":{"loc":{"start":{"line":51,"column":9},"end":{"line":51,"column":null}},"type":"if","locations":[{"start":{"line":51,"column":9},"end":{"line":51,"column":null}},{"start":{"line":51,"column":9},"end":{"line":51,"column":null}}]},"7":{"loc":{"start":{"line":57,"column":9},"end":{"line":57,"column":27}},"type":"if","locations":[{"start":{"line":57,"column":9},"end":{"line":57,"column":27}},{"start":{"line":57,"column":9},"end":{"line":57,"column":27}}]}},"s":{"0":2,"1":33,"2":34,"3":33,"4":66,"5":45,"6":45,"7":19,"8":26,"9":26,"10":38,"11":38,"12":12,"13":10,"14":2,"15":36,"16":36,"17":24,"18":33,"19":23,"20":21,"21":21,"22":21,"23":21,"24":33,"25":9,"26":8,"27":8,"28":8,"29":8,"30":33,"31":2,"32":16,"33":2,"34":2},"f":{"0":2,"1":33,"2":45,"3":21,"4":8,"5":16},"b":{"0":[1,32],"1":[21,24],"2":[19,26],"3":[12,26],"4":[10,2],"5":[2,1],"6":[2,19],"7":[1,7]}}
,"/Users/kuzmycz/Documents/Software/Research/react/react-cache/src/cache-bag.ts": {"path":"/Users/kuzmycz/Documents/Software/Research/react/react-cache/src/cache-bag.ts","statementMap":{"0":{"start":{"line":2,"column":0},"end":{"line":2,"column":28}},"1":{"start":{"line":11,"column":0},"end":{"line":11,"column":null}},"2":{"start":{"line":11,"column":30},"end":{"line":11,"column":33}},"3":{"start":{"line":15,"column":14},"end":{"line":15,"column":28}},"4":{"start":{"line":15,"column":28},"end":{"line":15,"column":null}},"5":{"start":{"line":16,"column":4},"end":{"line":16,"column":null}},"6":{"start":{"line":22,"column":2},"end":{"line":30,"column":4}},"7":{"start":{"line":22,"column":9},"end":{"line":22,"column":27}},"8":{"start":{"line":23,"column":8},"end":{"line":23,"column":9}},"9":{"start":{"line":23,"column":9},"end":{"line":23,"column":13}},"10":{"start":{"line":23,"column":15},"end":{"line":23,"column":50}},"11":{"start":{"line":25,"column":4},"end":{"line":29,"column":null}},"12":{"start":{"line":26,"column":6},"end":{"line":26,"column":29}},"13":{"start":{"line":28,"column":6},"end":{"line":28,"column":39}},"14":{"start":{"line":32,"column":2},"end":{"line":38,"column":4}},"15":{"start":{"line":32,"column":15},"end":{"line":32,"column":33}},"16":{"start":{"line":33,"column":12},"end":{"line":33,"column":40}},"17":{"start":{"line":35,"column":4},"end":{"line":37,"column":null}},"18":{"start":{"line":36,"column":6},"end":{"line":36,"column":48}},"19":{"start":{"line":40,"column":2},"end":{"line":46,"column":4}},"20":{"start":{"line":40,"column":20},"end":{"line":40,"column":41}},"21":{"start":{"line":41,"column":12},"end":{"line":41,"column":26}},"22":{"start":{"line":43,"column":4},"end":{"line":45,"column":null}},"23":{"start":{"line":43,"column":21},"end":{"line":43,"column":65}},"24":{"start":{"line":44,"column":6},"end":{"line":44,"column":65}},"25":{"start":{"line":48,"column":2},"end":{"line":54,"column":4}},"26":{"start":{"line":48,"column":17},"end":{"line":48,"column":35}},"27":{"start":{"line":49,"column":12},"end":{"line":49,"column":40}},"28":{"start":{"line":51,"column":4},"end":{"line":53,"column":null}},"29":{"start":{"line":52,"column":6},"end":{"line":52,"column":61}},"30":{"start":{"line":52,"column":45},"end":{"line":52,"column":60}},"31":{"start":{"line":56,"column":2},"end":{"line":60,"column":4}},"32":{"start":{"line":56,"column":22},"end":{"line":56,"column":43}},"33":{"start":{"line":57,"column":12},"end":{"line":57,"column":26}},"34":{"start":{"line":59,"column":4},"end":{"line":59,"column":80}},"35":{"start":{"line":59,"column":35},"end":{"line":59,"column":79}},"36":{"start":{"line":62,"column":2},"end":{"line":76,"column":4}},"37":{"start":{"line":62,"column":21},"end":{"line":62,"column":39}},"38":{"start":{"line":63,"column":12},"end":{"line":63,"column":40}},"39":{"start":{"line":66,"column":4},"end":{"line":68,"column":7}},"40":{"start":{"line":67,"column":6},"end":{"line":67,"column":37}},"41":{"start":{"line":71,"column":4},"end":{"line":75,"column":7}},"42":{"start":{"line":72,"column":6},"end":{"line":74,"column":null}},"43":{"start":{"line":73,"column":8},"end":{"line":73,"column":65}},"44":{"start":{"line":78,"column":2},"end":{"line":94,"column":4}},"45":{"start":{"line":81,"column":4},"end":{"line":88,"column":7}},"46":{"start":{"line":82,"column":18},"end":{"line":82,"column":31}},"47":{"start":{"line":83,"column":22},"end":{"line":83,"column":44}},"48":{"start":{"line":85,"column":6},"end":{"line":87,"column":9}},"49":{"start":{"line":86,"column":8},"end":{"line":86,"column":29}},"50":{"start":{"line":91,"column":4},"end":{"line":93,"column":7}},"51":{"start":{"line":92,"column":6},"end":{"line":92,"column":128}},"52":{"start":{"line":18,"column":4},"end":{"line":18,"column":27}},"53":{"start":{"line":19,"column":4},"end":{"line":19,"column":31}},"54":{"start":{"line":96,"column":9},"end":{"line":98,"column":null}},"55":{"start":{"line":96,"column":12},"end":{"line":96,"column":30}},"56":{"start":{"line":96,"column":30},"end":{"line":96,"column":null}},"57":{"start":{"line":97,"column":4},"end":{"line":97,"column":43}},"58":{"start":{"line":99,"column":0},"end":{"line":99,"column":null}},"59":{"start":{"line":11,"column":13},"end":{"line":11,"column":21}}},"fnMap":{"0":{"name":"(anonymous_0)","decl":{"start":{"line":11,"column":0},"end":{"line":11,"column":13}},"loc":{"start":{"line":11,"column":0},"end":{"line":99,"column":null}}},"1":{"name":"CacheBag","decl":{"start":{"line":15,"column":2},"end":{"line":15,"column":14}},"loc":{"start":{"line":15,"column":59},"end":{"line":20,"column":3}}},"2":{"name":"(anonymous_2)","decl":{"start":{"line":22,"column":8},"end":{"line":22,"column":9}},"loc":{"start":{"line":22,"column":37},"end":{"line":30,"column":3}}},"3":{"name":"(anonymous_3)","decl":{"start":{"line":32,"column":14},"end":{"line":32,"column":15}},"loc":{"start":{"line":32,"column":65},"end":{"line":38,"column":3}}},"4":{"name":"(anonymous_4)","decl":{"start":{"line":40,"column":19},"end":{"line":40,"column":20}},"loc":{"start":{"line":40,"column":64},"end":{"line":46,"column":3}}},"5":{"name":"(anonymous_5)","decl":{"start":{"line":43,"column":16},"end":{"line":43,"column":17}},"loc":{"start":{"line":43,"column":17},"end":{"line":43,"column":22}}},"6":{"name":"(anonymous_6)","decl":{"start":{"line":48,"column":16},"end":{"line":48,"column":17}},"loc":{"start":{"line":48,"column":67},"end":{"line":54,"column":3}}},"7":{"name":"(anonymous_7)","decl":{"start":{"line":52,"column":40},"end":{"line":52,"column":41}},"loc":{"start":{"line":52,"column":41},"end":{"line":52,"column":46}}},"8":{"name":"(anonymous_8)","decl":{"start":{"line":56,"column":21},"end":{"line":56,"column":22}},"loc":{"start":{"line":56,"column":66},"end":{"line":60,"column":3}}},"9":{"name":"(anonymous_9)","decl":{"start":{"line":59,"column":30},"end":{"line":59,"column":31}},"loc":{"start":{"line":59,"column":31},"end":{"line":59,"column":36}}},"10":{"name":"(anonymous_10)","decl":{"start":{"line":62,"column":20},"end":{"line":62,"column":21}},"loc":{"start":{"line":62,"column":49},"end":{"line":76,"column":3}}},"11":{"name":"(anonymous_11)","decl":{"start":{"line":66,"column":14},"end":{"line":66,"column":21}},"loc":{"start":{"line":66,"column":21},"end":{"line":68,"column":5}}},"12":{"name":"(anonymous_12)","decl":{"start":{"line":71,"column":27},"end":{"line":71,"column":35}},"loc":{"start":{"line":71,"column":35},"end":{"line":75,"column":5}}},"13":{"name":"(anonymous_13)","decl":{"start":{"line":78,"column":14},"end":{"line":78,"column":null}},"loc":{"start":{"line":78,"column":14},"end":{"line":94,"column":3}}},"14":{"name":"(anonymous_14)","decl":{"start":{"line":81,"column":43},"end":{"line":81,"column":46}},"loc":{"start":{"line":81,"column":46},"end":{"line":88,"column":5}}},"15":{"name":"(anonymous_15)","decl":{"start":{"line":85,"column":24},"end":{"line":85,"column":32}},"loc":{"start":{"line":85,"column":32},"end":{"line":87,"column":7}}},"16":{"name":"(anonymous_16)","decl":{"start":{"line":91,"column":27},"end":{"line":91,"column":35}},"loc":{"start":{"line":91,"column":35},"end":{"line":93,"column":5}}},"17":{"name":"(anonymous_17)","decl":{"start":{"line":96,"column":2},"end":{"line":96,"column":9}},"loc":{"start":{"line":96,"column":61},"end":{"line":98,"column":3}}}},"branchMap":{"0":{"loc":{"start":{"line":15,"column":14},"end":{"line":15,"column":28}},"type":"if","locations":[{"start":{"line":15,"column":14},"end":{"line":15,"column":28}},{"start":{"line":15,"column":14},"end":{"line":15,"column":28}}]},"1":{"loc":{"start":{"line":15,"column":28},"end":{"line":15,"column":null}},"type":"if","locations":[{"start":{"line":15,"column":28},"end":{"line":15,"column":null}},{"start":{"line":15,"column":28},"end":{"line":15,"column":null}}]},"2":{"loc":{"start":{"line":16,"column":4},"end":{"line":16,"column":18}},"type":"binary-expr","locations":[{"start":{"line":16,"column":4},"end":{"line":16,"column":18}},{"start":{"line":16,"column":18},"end":{"line":16,"column":null}}]},"3":{"loc":{"start":{"line":22,"column":9},"end":{"line":22,"column":27}},"type":"if","locations":[{"start":{"line":22,"column":9},"end":{"line":22,"column":27}},{"start":{"line":22,"column":9},"end":{"line":22,"column":27}}]},"4":{"loc":{"start":{"line":25,"column":4},"end":{"line":29,"column":null}},"type":"if","locations":[{"start":{"line":25,"column":4},"end":{"line":29,"column":null}},{"start":{"line":25,"column":4},"end":{"line":29,"column":null}}]},"5":{"loc":{"start":{"line":32,"column":15},"end":{"line":32,"column":33}},"type":"if","locations":[{"start":{"line":32,"column":15},"end":{"line":32,"column":33}},{"start":{"line":32,"column":15},"end":{"line":32,"column":33}}]},"6":{"loc":{"start":{"line":33,"column":12},"end":{"line":33,"column":34}},"type":"binary-expr","locations":[{"start":{"line":33,"column":12},"end":{"line":33,"column":34}},{"start":{"line":33,"column":38},"end":{"line":33,"column":40}}]},"7":{"loc":{"start":{"line":35,"column":4},"end":{"line":37,"column":null}},"type":"if","locations":[{"start":{"line":35,"column":4},"end":{"line":37,"column":null}},{"start":{"line":35,"column":4},"end":{"line":37,"column":null}}]},"8":{"loc":{"start":{"line":40,"column":20},"end":{"line":40,"column":41}},"type":"if","locations":[{"start":{"line":40,"column":20},"end":{"line":40,"column":41}},{"start":{"line":40,"column":20},"end":{"line":40,"column":41}}]},"9":{"loc":{"start":{"line":43,"column":4},"end":{"line":45,"column":null}},"type":"if","locations":[{"start":{"line":43,"column":4},"end":{"line":45,"column":null}},{"start":{"line":43,"column":4},"end":{"line":45,"column":null}}]},"10":{"loc":{"start":{"line":43,"column":21},"end":{"line":43,"column":37}},"type":"binary-expr","locations":[{"start":{"line":43,"column":21},"end":{"line":43,"column":37}},{"start":{"line":43,"column":41},"end":{"line":43,"column":64}}]},"11":{"loc":{"start":{"line":48,"column":17},"end":{"line":48,"column":35}},"type":"if","locations":[{"start":{"line":48,"column":17},"end":{"line":48,"column":35}},{"start":{"line":48,"column":17},"end":{"line":48,"column":35}}]},"12":{"loc":{"start":{"line":49,"column":12},"end":{"line":49,"column":34}},"type":"binary-expr","locations":[{"start":{"line":49,"column":12},"end":{"line":49,"column":34}},{"start":{"line":49,"column":38},"end":{"line":49,"column":40}}]},"13":{"loc":{"start":{"line":51,"column":4},"end":{"line":53,"column":null}},"type":"if","locations":[{"start":{"line":51,"column":4},"end":{"line":53,"column":null}},{"start":{"line":51,"column":4},"end":{"line":53,"column":null}}]},"14":{"loc":{"start":{"line":56,"column":22},"end":{"line":56,"column":43}},"type":"if","locations":[{"start":{"line":56,"column":22},"end":{"line":56,"column":43}},{"start":{"line":56,"column":22},"end":{"line":56,"column":43}}]},"15":{"loc":{"start":{"line":59,"column":35},"end":{"line":59,"column":51}},"type":"binary-expr","locations":[{"start":{"line":59,"column":35},"end":{"line":59,"column":51}},{"start":{"line":59,"column":55},"end":{"line":59,"column":78}}]},"16":{"loc":{"start":{"line":62,"column":21},"end":{"line":62,"column":39}},"type":"if","locations":[{"start":{"line":62,"column":21},"end":{"line":62,"column":39}},{"start":{"line":62,"column":21},"end":{"line":62,"column":39}}]},"17":{"loc":{"start":{"line":63,"column":12},"end":{"line":63,"column":34}},"type":"binary-expr","locations":[{"start":{"line":63,"column":12},"end":{"line":63,"column":34}},{"start":{"line":63,"column":38},"end":{"line":63,"column":40}}]},"18":{"loc":{"start":{"line":67,"column":6},"end":{"line":67,"column":13}},"type":"binary-expr","locations":[{"start":{"line":67,"column":6},"end":{"line":67,"column":13}},{"start":{"line":67,"column":17},"end":{"line":67,"column":36}}]},"19":{"loc":{"start":{"line":72,"column":6},"end":{"line":74,"column":null}},"type":"if","locations":[{"start":{"line":72,"column":6},"end":{"line":74,"column":null}},{"start":{"line":72,"column":6},"end":{"line":74,"column":null}}]},"20":{"loc":{"start":{"line":72,"column":24},"end":{"line":72,"column":36}},"type":"binary-expr","locations":[{"start":{"line":72,"column":24},"end":{"line":72,"column":36}},{"start":{"line":72,"column":40},"end":{"line":72,"column":42}}]},"21":{"loc":{"start":{"line":73,"column":8},"end":{"line":73,"column":25}},"type":"binary-expr","locations":[{"start":{"line":73,"column":8},"end":{"line":73,"column":25}},{"start":{"line":73,"column":29},"end":{"line":73,"column":64}}]},"22":{"loc":{"start":{"line":92,"column":6},"end":{"line":92,"column":23}},"type":"binary-expr","locations":[{"start":{"line":92,"column":6},"end":{"line":92,"column":23}},{"start":{"line":92,"column":27},"end":{"line":92,"column":127}}]},"23":{"loc":{"start":{"line":92,"column":83},"end":{"line":92,"column":95}},"type":"cond-expr","locations":[{"start":{"line":92,"column":83},"end":{"line":92,"column":95}},{"start":{"line":92,"column":98},"end":{"line":92,"column":120}}]},"24":{"loc":{"start":{"line":96,"column":12},"end":{"line":96,"column":30}},"type":"if","locations":[{"start":{"line":96,"column":12},"end":{"line":96,"column":30}},{"start":{"line":96,"column":12},"end":{"line":96,"column":30}}]},"25":{"loc":{"start":{"line":96,"column":30},"end":{"line":96,"column":null}},"type":"if","locations":[{"start":{"line":96,"column":30},"end":{"line":96,"column":null}},{"start":{"line":96,"column":30},"end":{"line":96,"column":null}}]}},"s":{"0":1,"1":1,"2":1,"3":17,"4":17,"5":17,"6":17,"7":16,"8":16,"9":16,"10":16,"11":16,"12":15,"13":15,"14":17,"15":6,"16":6,"17":6,"18":6,"19":17,"20":4,"21":4,"22":4,"23":2,"24":3,"25":17,"26":2,"27":2,"28":2,"29":1,"30":2,"31":17,"32":1,"33":1,"34":1,"35":1,"36":17,"37":15,"38":15,"39":15,"40":5,"41":15,"42":11,"43":10,"44":17,"45":1,"46":1,"47":1,"48":1,"49":1,"50":1,"51":2,"52":17,"53":17,"54":1,"55":18,"56":28,"57":17,"58":1,"59":1},"f":{"0":1,"1":17,"2":16,"3":6,"4":4,"5":2,"6":2,"7":2,"8":1,"9":1,"10":15,"11":5,"12":11,"13":1,"14":1,"15":1,"16":2,"17":17},"b":{"0":[0,17],"1":[0,17],"2":[17,17],"3":[0,16],"4":[15,1],"5":[0,6],"6":[6,5],"7":[6,0],"8":[0,4],"9":[3,1],"10":[2,1],"11":[0,2],"12":[2,1],"13":[1,1],"14":[0,1],"15":[1,0],"16":[0,15],"17":[15,11],"18":[5,5],"19":[10,1],"20":[11,8],"21":[10,10],"22":[2,2],"23":[1,1],"24":[1,16],"25":[11,6]}}
,"/Users/kuzmycz/Documents/Software/Research/react/react-cache/src/cache-context.tsx": {"path":"/Users/kuzmycz/Documents/Software/Research/react/react-cache/src/cache-context.tsx","statementMap":{"0":{"start":{"line":1,"column":0},"end":{"line":1,"column":31}},"1":{"start":{"line":2,"column":0},"end":{"line":2,"column":35}},"2":{"start":{"line":4,"column":0},"end":{"line":4,"column":39}},"3":{"start":{"line":7,"column":13},"end":{"line":7,"column":64}},"4":{"start":{"line":8,"column":13},"end":{"line":12,"column":2}},"5":{"start":{"line":9,"column":16},"end":{"line":9,"column":40}},"6":{"start":{"line":11,"column":2},"end":{"line":11,"column":15}}},"fnMap":{"0":{"name":"(anonymous_0)","decl":{"start":{"line":8,"column":31},"end":{"line":8,"column":null}},"loc":{"start":{"line":8,"column":31},"end":{"line":12,"column":1}}}},"branchMap":{},"s":{"0":0,"1":0,"2":0,"3":0,"4":0,"5":0,"6":0},"f":{"0":0},"b":{}}
,"/Users/kuzmycz/Documents/Software/Research/react/react-cache/src/cache.tsx": {"path":"/Users/kuzmycz/Documents/Software/Research/react/react-cache/src/cache.tsx","statementMap":{"0":{"start":{"line":1,"column":0},"end":{"line":1,"column":31}},"1":{"start":{"line":2,"column":0},"end":{"line":2,"column":54}},"2":{"start":{"line":3,"column":0},"end":{"line":3,"column":45}},"3":{"start":{"line":14,"column":13},"end":{"line":22,"column":2}},"4":{"start":{"line":14,"column":23},"end":{"line":14,"column":29}},"5":{"start":{"line":14,"column":31},"end":{"line":14,"column":45}},"6":{"start":{"line":14,"column":47},"end":{"line":14,"column":55}},"7":{"start":{"line":15,"column":14},"end":{"line":15,"column":45}},"8":{"start":{"line":17,"column":2},"end":{"line":21,"column":4}}},"fnMap":{"0":{"name":"(anonymous_0)","decl":{"start":{"line":14,"column":21},"end":{"line":14,"column":22}},"loc":{"start":{"line":14,"column":68},"end":{"line":22,"column":1}}}},"branchMap":{"0":{"loc":{"start":{"line":14,"column":31},"end":{"line":14,"column":45}},"type":"cond-expr","locations":[{"start":{"line":14,"column":31},"end":{"line":14,"column":45}},{"start":{"line":14,"column":31},"end":{"line":14,"column":45}}]}},"s":{"0":0,"1":0,"2":0,"3":0,"4":0,"5":0,"6":0,"7":0,"8":0},"f":{"0":0},"b":{"0":[0,0]}}
,"/Users/kuzmycz/Documents/Software/Research/react/react-cache/src/index.tsx": {"path":"/Users/kuzmycz/Documents/Software/Research/react/react-cache/src/index.tsx","statementMap":{"0":{"start":{"line":2,"column":0},"end":{"line":2,"column":24}},"1":{"start":{"line":3,"column":0},"end":{"line":3,"column":28}},"2":{"start":{"line":4,"column":0},"end":{"line":4,"column":32}},"3":{"start":{"line":5,"column":0},"end":{"line":5,"column":28}},"4":{"start":{"line":6,"column":0},"end":{"line":6,"column":34}}},"fnMap":{},"branchMap":{},"s":{"0":0,"1":0,"2":0,"3":0,"4":0},"f":{},"b":{}}
,"/Users/kuzmycz/Documents/Software/Research/react/react-cache/src/log-cache.tsx": {"path":"/Users/kuzmycz/Documents/Software/Research/react/react-cache/src/log-cache.tsx","statementMap":{"0":{"start":{"line":1,"column":0},"end":{"line":1,"column":62}},"1":{"start":{"line":2,"column":0},"end":{"line":2,"column":48}},"2":{"start":{"line":3,"column":0},"end":{"line":3,"column":34}},"3":{"start":{"line":10,"column":13},"end":{"line":30,"column":2}},"4":{"start":{"line":10,"column":26},"end":{"line":10,"column":39}},"5":{"start":{"line":11,"column":16},"end":{"line":11,"column":33}},"6":{"start":{"line":12,"column":8},"end":{"line":12,"column":9}},"7":{"start":{"line":12,"column":9},"end":{"line":12,"column":14}},"8":{"start":{"line":12,"column":16},"end":{"line":12,"column":61}},"9":{"start":{"line":13,"column":14},"end":{"line":13,"column":16}},"10":{"start":{"line":14,"column":19},"end":{"line":14,"column":75}},"11":{"start":{"line":14,"column":67},"end":{"line":14,"column":101}},"12":{"start":{"line":17,"column":2},"end":{"line":17,"column":30}},"13":{"start":{"line":19,"column":2},"end":{"line":23,"column":9}},"14":{"start":{"line":20,"column":4},"end":{"line":20,"column":40}},"15":{"start":{"line":22,"column":4},"end":{"line":22,"column":55}},"16":{"start":{"line":22,"column":17},"end":{"line":22,"column":55}},"17":{"start":{"line":25,"column":2},"end":{"line":29,"column":null}},"18":{"start":{"line":26,"column":4},"end":{"line":26,"column":61}},"19":{"start":{"line":28,"column":4},"end":{"line":28,"column":24}}},"fnMap":{"0":{"name":"(anonymous_0)","decl":{"start":{"line":10,"column":24},"end":{"line":10,"column":25}},"loc":{"start":{"line":10,"column":55},"end":{"line":30,"column":1}}},"1":{"name":"(anonymous_1)","decl":{"start":{"line":14,"column":19},"end":{"line":14,"column":20}},"loc":{"start":{"line":14,"column":62},"end":{"line":14,"column":75}}},"2":{"name":"(anonymous_2)","decl":{"start":{"line":19,"column":12},"end":{"line":19,"column":null}},"loc":{"start":{"line":19,"column":12},"end":{"line":23,"column":3}}},"3":{"name":"(anonymous_3)","decl":{"start":{"line":22,"column":11},"end":{"line":22,"column":17}},"loc":{"start":{"line":22,"column":11},"end":{"line":22,"column":22}}}},"branchMap":{"0":{"loc":{"start":{"line":10,"column":26},"end":{"line":10,"column":39}},"type":"cond-expr","locations":[{"start":{"line":10,"column":26},"end":{"line":10,"column":39}},{"start":{"line":10,"column":26},"end":{"line":10,"column":39}}]},"1":{"loc":{"start":{"line":25,"column":2},"end":{"line":29,"column":null}},"type":"if","locations":[{"start":{"line":25,"column":2},"end":{"line":29,"column":null}},{"start":{"line":25,"column":2},"end":{"line":29,"column":null}}]}},"s":{"0":0,"1":0,"2":0,"3":0,"4":0,"5":0,"6":0,"7":0,"8":0,"9":0,"10":0,"11":0,"12":0,"13":0,"14":0,"15":0,"16":0,"17":0,"18":0,"19":0},"f":{"0":0,"1":0,"2":0,"3":0},"b":{"0":[0,0],"1":[0,0]}}
,"/Users/kuzmycz/Documents/Software/Research/react/react-cache/src/use-cache-value.tsx": {"path":"/Users/kuzmycz/Documents/Software/Research/react/react-cache/src/use-cache-value.tsx","statementMap":{"0":{"start":{"line":1,"column":0},"end":{"line":1,"column":44}},"1":{"start":{"line":2,"column":0},"end":{"line":2,"column":48}},"2":{"start":{"line":4,"column":13},"end":{"line":17,"column":2}},"3":{"start":{"line":5,"column":16},"end":{"line":5,"column":33}},"4":{"start":{"line":6,"column":8},"end":{"line":6,"column":9}},"5":{"start":{"line":6,"column":9},"end":{"line":6,"column":14}},"6":{"start":{"line":6,"column":16},"end":{"line":6,"column":61}},"7":{"start":{"line":7,"column":23},"end":{"line":7,"column":63}},"8":{"start":{"line":7,"column":62},"end":{"line":7,"column":105}},"9":{"start":{"line":8,"column":19},"end":{"line":8,"column":40}},"10":{"start":{"line":8,"column":35},"end":{"line":8,"column":57}},"11":{"start":{"line":10,"column":2},"end":{"line":14,"column":14}},"12":{"start":{"line":11,"column":4},"end":{"line":11,"column":39}},"13":{"start":{"line":13,"column":4},"end":{"line":13,"column":55}},"14":{"start":{"line":13,"column":17},"end":{"line":13,"column":54}},"15":{"start":{"line":16,"column":2},"end":{"line":16,"column":27}}},"fnMap":{"0":{"name":"(anonymous_0)","decl":{"start":{"line":4,"column":29},"end":{"line":4,"column":30}},"loc":{"start":{"line":4,"column":41},"end":{"line":17,"column":1}}},"1":{"name":"(anonymous_1)","decl":{"start":{"line":7,"column":23},"end":{"line":7,"column":24}},"loc":{"start":{"line":7,"column":57},"end":{"line":7,"column":63}}},"2":{"name":"(anonymous_2)","decl":{"start":{"line":8,"column":19},"end":{"line":8,"column":20}},"loc":{"start":{"line":8,"column":30},"end":{"line":8,"column":40}}},"3":{"name":"(anonymous_3)","decl":{"start":{"line":10,"column":12},"end":{"line":10,"column":null}},"loc":{"start":{"line":10,"column":12},"end":{"line":14,"column":3}}},"4":{"name":"(anonymous_4)","decl":{"start":{"line":13,"column":11},"end":{"line":13,"column":17}},"loc":{"start":{"line":13,"column":11},"end":{"line":13,"column":22}}}},"branchMap":{"0":{"loc":{"start":{"line":6,"column":8},"end":{"line":6,"column":9}},"type":"binary-expr","locations":[{"start":{"line":6,"column":8},"end":{"line":6,"column":9}},{"start":{"line":6,"column":8},"end":{"line":6,"column":9}}]},"1":{"loc":{"start":{"line":7,"column":63},"end":{"line":7,"column":81}},"type":"binary-expr","locations":[{"start":{"line":7,"column":63},"end":{"line":7,"column":81}},{"start":{"line":7,"column":86},"end":{"line":7,"column":104}}]}},"s":{"0":0,"1":0,"2":0,"3":0,"4":0,"5":0,"6":0,"7":0,"8":0,"9":0,"10":0,"11":0,"12":0,"13":0,"14":0,"15":0},"f":{"0":0,"1":0,"2":0,"3":0,"4":0},"b":{"0":[0,0],"1":[0,0]}}
,"/Users/kuzmycz/Documents/Software/Research/react/react-cache/src/util.ts": {"path":"/Users/kuzmycz/Documents/Software/Research/react/react-cache/src/util.ts","statementMap":{"0":{"start":{"line":2,"column":13},"end":{"line":12,"column":2}},"1":{"start":{"line":3,"column":2},"end":{"line":11,"column":null}},"2":{"start":{"line":4,"column":4},"end":{"line":4,"column":20}},"3":{"start":{"line":5,"column":9},"end":{"line":11,"column":null}},"4":{"start":{"line":6,"column":20},"end":{"line":6,"column":22}},"5":{"start":{"line":7,"column":4},"end":{"line":7,"column":68}},"6":{"start":{"line":7,"column":36},"end":{"line":7,"column":67}},"7":{"start":{"line":8,"column":4},"end":{"line":8,"column":16}},"8":{"start":{"line":10,"column":4},"end":{"line":10,"column":15}}},"fnMap":{"0":{"name":"(anonymous_0)","decl":{"start":{"line":2,"column":24},"end":{"line":2,"column":25}},"loc":{"start":{"line":2,"column":33},"end":{"line":12,"column":1}}},"1":{"name":"(anonymous_1)","decl":{"start":{"line":7,"column":29},"end":{"line":7,"column":32}},"loc":{"start":{"line":7,"column":32},"end":{"line":7,"column":40}}}},"branchMap":{"0":{"loc":{"start":{"line":3,"column":2},"end":{"line":11,"column":null}},"type":"if","locations":[{"start":{"line":3,"column":2},"end":{"line":11,"column":null}},{"start":{"line":3,"column":2},"end":{"line":11,"column":null}}]},"1":{"loc":{"start":{"line":5,"column":9},"end":{"line":11,"column":null}},"type":"if","locations":[{"start":{"line":5,"column":9},"end":{"line":11,"column":null}},{"start":{"line":5,"column":9},"end":{"line":11,"column":null}}]}},"s":{"0":3,"1":83,"2":2,"3":81,"4":23,"5":23,"6":67,"7":23,"8":58},"f":{"0":83,"1":67},"b":{"0":[2,81],"1":[23,58]}}
}
