TN:
SF:/Users/kuzmycz/Documents/Software/Research/react/react-cache/src/bag.ts
FN:1,(anonymous_0)
FN:4,Bag
FN:23,(anonymous_2)
FN:51,(anonymous_3)
FN:57,(anonymous_4)
FN:8,(anonymous_5)
FNF:6
FNH:6
FNDA:2,(anonymous_0)
FNDA:33,Bag
FNDA:45,(anonymous_2)
FNDA:21,(anonymous_3)
FNDA:8,(anonymous_4)
FNDA:16,(anonymous_5)
DA:1,2
DA:4,34
DA:5,33
DA:8,2
DA:9,16
DA:23,66
DA:25,45
DA:27,45
DA:28,19
DA:30,26
DA:32,26
DA:33,38
DA:35,38
DA:36,12
DA:37,10
DA:39,2
DA:43,36
DA:44,36
DA:47,24
DA:51,33
DA:52,21
DA:54,21
DA:57,33
DA:58,8
DA:60,8
DA:62,2
LF:26
LH:26
BRDA:4,0,0,1
BRDA:4,0,1,32
BRDA:23,1,0,21
BRDA:23,1,1,24
BRDA:27,2,0,19
BRDA:27,2,1,26
BRDA:35,3,0,12
BRDA:35,3,1,26
BRDA:36,4,0,10
BRDA:36,4,1,2
BRDA:39,5,0,2
BRDA:39,5,1,1
BRDA:51,6,0,2
BRDA:51,6,1,19
BRDA:57,7,0,1
BRDA:57,7,1,7
BRF:16
BRH:16
end_of_record
TN:
SF:/Users/kuzmycz/Documents/Software/Research/react/react-cache/src/cache-bag.ts
FN:11,(anonymous_0)
FN:15,CacheBag
FN:22,(anonymous_2)
FN:32,(anonymous_3)
FN:40,(anonymous_4)
FN:43,(anonymous_5)
FN:48,(anonymous_6)
FN:52,(anonymous_7)
FN:56,(anonymous_8)
FN:59,(anonymous_9)
FN:62,(anonymous_10)
FN:66,(anonymous_11)
FN:71,(anonymous_12)
FN:78,(anonymous_13)
FN:81,(anonymous_14)
FN:85,(anonymous_15)
FN:91,(anonymous_16)
FN:96,(anonymous_17)
FNF:18
FNH:18
FNDA:1,(anonymous_0)
FNDA:17,CacheBag
FNDA:16,(anonymous_2)
FNDA:6,(anonymous_3)
FNDA:4,(anonymous_4)
FNDA:2,(anonymous_5)
FNDA:2,(anonymous_6)
FNDA:2,(anonymous_7)
FNDA:1,(anonymous_8)
FNDA:1,(anonymous_9)
FNDA:15,(anonymous_10)
FNDA:5,(anonymous_11)
FNDA:11,(anonymous_12)
FNDA:1,(anonymous_13)
FNDA:1,(anonymous_14)
FNDA:1,(anonymous_15)
FNDA:2,(anonymous_16)
FNDA:17,(anonymous_17)
DA:2,1
DA:11,1
DA:15,17
DA:16,17
DA:18,17
DA:19,17
DA:22,17
DA:23,16
DA:25,16
DA:26,15
DA:28,15
DA:32,17
DA:33,6
DA:35,6
DA:36,6
DA:40,17
DA:41,4
DA:43,4
DA:44,3
DA:48,17
DA:49,2
DA:51,2
DA:52,2
DA:56,17
DA:57,1
DA:59,1
DA:62,17
DA:63,15
DA:66,15
DA:67,5
DA:71,15
DA:72,11
DA:73,10
DA:78,17
DA:81,1
DA:82,1
DA:83,1
DA:85,1
DA:86,1
DA:91,1
DA:92,2
DA:96,28
DA:97,17
DA:99,1
LF:44
LH:44
BRDA:15,0,0,0
BRDA:15,0,1,17
BRDA:15,1,0,0
BRDA:15,1,1,17
BRDA:16,2,0,17
BRDA:16,2,1,17
BRDA:22,3,0,0
BRDA:22,3,1,16
BRDA:25,4,0,15
BRDA:25,4,1,1
BRDA:32,5,0,0
BRDA:32,5,1,6
BRDA:33,6,0,6
BRDA:33,6,1,5
BRDA:35,7,0,6
BRDA:35,7,1,0
BRDA:40,8,0,0
BRDA:40,8,1,4
BRDA:43,9,0,3
BRDA:43,9,1,1
BRDA:43,10,0,2
BRDA:43,10,1,1
BRDA:48,11,0,0
BRDA:48,11,1,2
BRDA:49,12,0,2
BRDA:49,12,1,1
BRDA:51,13,0,1
BRDA:51,13,1,1
BRDA:56,14,0,0
BRDA:56,14,1,1
BRDA:59,15,0,1
BRDA:59,15,1,0
BRDA:62,16,0,0
BRDA:62,16,1,15
BRDA:63,17,0,15
BRDA:63,17,1,11
BRDA:67,18,0,5
BRDA:67,18,1,5
BRDA:72,19,0,10
BRDA:72,19,1,1
BRDA:72,20,0,11
BRDA:72,20,1,8
BRDA:73,21,0,10
BRDA:73,21,1,10
BRDA:92,22,0,2
BRDA:92,22,1,2
BRDA:92,23,0,1
BRDA:92,23,1,1
BRDA:96,24,0,1
BRDA:96,24,1,16
BRDA:96,25,0,11
BRDA:96,25,1,6
BRF:52
BRH:42
end_of_record
TN:
SF:/Users/kuzmycz/Documents/Software/Research/react/react-cache/src/cache-context.tsx
FN:8,(anonymous_0)
FNF:1
FNH:0
FNDA:0,(anonymous_0)
DA:1,0
DA:2,0
DA:4,0
DA:7,0
DA:8,0
DA:9,0
DA:11,0
LF:7
LH:0
BRF:0
BRH:0
end_of_record
TN:
SF:/Users/kuzmycz/Documents/Software/Research/react/react-cache/src/cache.tsx
FN:14,(anonymous_0)
FNF:1
FNH:0
FNDA:0,(anonymous_0)
DA:1,0
DA:2,0
DA:3,0
DA:14,0
DA:15,0
DA:17,0
LF:6
LH:0
BRDA:14,0,0,0
BRDA:14,0,1,0
BRF:2
BRH:0
end_of_record
TN:
SF:/Users/kuzmycz/Documents/Software/Research/react/react-cache/src/index.tsx
FNF:0
FNH:0
DA:2,0
DA:3,0
DA:4,0
DA:5,0
DA:6,0
LF:5
LH:0
BRF:0
BRH:0
end_of_record
TN:
SF:/Users/kuzmycz/Documents/Software/Research/react/react-cache/src/log-cache.tsx
FN:10,(anonymous_0)
FN:14,(anonymous_1)
FN:19,(anonymous_2)
FN:22,(anonymous_3)
FNF:4
FNH:0
FNDA:0,(anonymous_0)
FNDA:0,(anonymous_1)
FNDA:0,(anonymous_2)
FNDA:0,(anonymous_3)
DA:1,0
DA:2,0
DA:3,0
DA:10,0
DA:11,0
DA:12,0
DA:13,0
DA:14,0
DA:17,0
DA:19,0
DA:20,0
DA:22,0
DA:25,0
DA:26,0
DA:28,0
LF:15
LH:0
BRDA:10,0,0,0
BRDA:10,0,1,0
BRDA:25,1,0,0
BRDA:25,1,1,0
BRF:4
BRH:0
end_of_record
TN:
SF:/Users/kuzmycz/Documents/Software/Research/react/react-cache/src/use-cache-value.tsx
FN:4,(anonymous_0)
FN:7,(anonymous_1)
FN:8,(anonymous_2)
FN:10,(anonymous_3)
FN:13,(anonymous_4)
FNF:5
FNH:0
FNDA:0,(anonymous_0)
FNDA:0,(anonymous_1)
FNDA:0,(anonymous_2)
FNDA:0,(anonymous_3)
FNDA:0,(anonymous_4)
DA:1,0
DA:2,0
DA:4,0
DA:5,0
DA:6,0
DA:7,0
DA:8,0
DA:10,0
DA:11,0
DA:13,0
DA:16,0
LF:11
LH:0
BRDA:6,0,0,0
BRDA:6,0,1,0
BRDA:7,1,0,0
BRDA:7,1,1,0
BRF:4
BRH:0
end_of_record
TN:
SF:/Users/kuzmycz/Documents/Software/Research/react/react-cache/src/util.ts
FN:2,(anonymous_0)
FN:7,(anonymous_1)
FNF:2
FNH:2
FNDA:83,(anonymous_0)
FNDA:67,(anonymous_1)
DA:2,3
DA:3,83
DA:4,2
DA:5,81
DA:6,23
DA:7,67
DA:8,23
DA:10,58
LF:8
LH:8
BRDA:3,0,0,2
BRDA:3,0,1,81
BRDA:5,1,0,23
BRDA:5,1,1,58
BRF:4
BRH:4
end_of_record
